Conversión de STEP a Solid Edge
Fecha: martes,junio 16,2026 12:30a. m.
Archivo fuente: C:\Users\admin\Documents\GitHub\08_RoboticaI_Final\Graficos, Videos y STLs\FANUC 10iD\M-10iD-12.step
Autor: Shue
Organización: Unknown organisation
Sistema de origen: HOOPS Exchange

Equipo:
Procesador: AMD Ryzen 5 5600G with Radeon Graphics         
Sistema operativo: Windows 10 Professional Version:22H2 Build:19045 System Type:64-bit
Memoria instalada: 27.89 GB

Información del programa
Versión de Parasolid: 38.0.150
Versión de PSBodyShop: 38.0.111
Versión del adaptador Step: 1700.0.0
Versión de Solid Edge: 226.00.01.004 x64

Opciones de importación de STEP
Importar cuerpos facetados: Activado
Importar cuerpos revisados: Desactivado
Importar curvas: Activado
Importar sin guardar: Activado
Importar varios cuerpos como archivo de una pieza: Activado
Optimización de la importación: Desactivado
Importar superficies unidas: Activado
Importar sólidos booleanos: Activado
Crear operación base: Activado
Simplificar geometría: Activado
Importar curvas para sobreimpresión: Activado
Importar unidad de disco: C:
Importar superficies unidas: Activado
Importar superficies: Activado
Importar vía de acceso de salida: C:\Users\admin\Documents\GitHub\08_RoboticaI_Final\Graficos, Videos y STLs\FANUC 10iD
Importar con vía de acceso de salida predeterminada habilitada: Activado
Importar PMI: Desactivado.
Importar como componentes internos: Desactivado
Importar vía de acceso: 

Convirtiendo a tipos de datos Parasolid...
+Empezar conjunto: 1
+Creado archivo de conjunto SE C:\Users\admin\Documents\GitHub\08_RoboticaI_Final\Graficos, Videos y STLs\FANUC 10iD\M-10iD-12.asm
|--+Empezar conjunto: 2
|--+Creado archivo de conjunto SE C:\Users\admin\Documents\GitHub\08_RoboticaI_Final\Graficos, Videos y STLs\FANUC 10iD\M-10iD_12.asm
|  |--+Creado archivo de pieza SE C:\Users\admin\Documents\GitHub\08_RoboticaI_Final\Graficos, Videos y STLs\FANUC 10iD\GeoContainer.par
|  |--+Empezar conjunto: 3
|  |--+Creado archivo de conjunto SE C:\Users\admin\Documents\GitHub\08_RoboticaI_Final\Graficos, Videos y STLs\FANUC 10iD\J1.asm
|  |  |--+Creado archivo de pieza SE C:\Users\admin\Documents\GitHub\08_RoboticaI_Final\Graficos, Videos y STLs\FANUC 10iD\GeoContainer_0.par
|  |  |--+Empezar conjunto: 4
|  |  |--+Creado archivo de conjunto SE C:\Users\admin\Documents\GitHub\08_RoboticaI_Final\Graficos, Videos y STLs\FANUC 10iD\J2.asm
|  |  |  |--+Creado archivo de pieza SE C:\Users\admin\Documents\GitHub\08_RoboticaI_Final\Graficos, Videos y STLs\FANUC 10iD\GeoContainer_1.par
|  |  |  |--+Empezar conjunto: 5
|  |  |  |--+Creado archivo de conjunto SE C:\Users\admin\Documents\GitHub\08_RoboticaI_Final\Graficos, Videos y STLs\FANUC 10iD\J3.asm
|  |  |  |  |--+Creado archivo de pieza SE C:\Users\admin\Documents\GitHub\08_RoboticaI_Final\Graficos, Videos y STLs\FANUC 10iD\GeoContainer_2.par
|  |  |  |  |--+Empezar conjunto: 6
|  |  |  |  |--+Creado archivo de conjunto SE C:\Users\admin\Documents\GitHub\08_RoboticaI_Final\Graficos, Videos y STLs\FANUC 10iD\J4.asm
|  |  |  |  |  |--+Creado archivo de pieza SE C:\Users\admin\Documents\GitHub\08_RoboticaI_Final\Graficos, Videos y STLs\FANUC 10iD\GeoContainer_3.par
|  |  |  |  |  |--+Empezar conjunto: 7
|  |  |  |  |  |--+Creado archivo de conjunto SE C:\Users\admin\Documents\GitHub\08_RoboticaI_Final\Graficos, Videos y STLs\FANUC 10iD\J5.asm
|  |  |  |  |  |  |--+Creado archivo de pieza SE C:\Users\admin\Documents\GitHub\08_RoboticaI_Final\Graficos, Videos y STLs\FANUC 10iD\GeoContainer_4.par
|  |  |  |  |  |  |--+Empezar conjunto: 8
|  |  |  |  |  |  |--+Creado archivo de conjunto SE C:\Users\admin\Documents\GitHub\08_RoboticaI_Final\Graficos, Videos y STLs\FANUC 10iD\J6.asm
|  |  |  |  |  |  |  |--+Creado archivo de pieza SE C:\Users\admin\Documents\GitHub\08_RoboticaI_Final\Graficos, Videos y STLs\FANUC 10iD\GeoContainer_5.par
|  |  |  |  |  |  |  |--+Empezar conjunto: 9
|  |  |  |  |  |  |  |--+Creado archivo de conjunto SE C:\Users\admin\Documents\GitHub\08_RoboticaI_Final\Graficos, Videos y STLs\FANUC 10iD\mountplate.asm
Cuerpos: 0
|  |  |  |  |  |  |  |  |--+Creado archivo de pieza SE C:\Users\admin\Documents\GitHub\08_RoboticaI_Final\Graficos, Videos y STLs\FANUC 10iD\GeoContainer_6.par
Cuerpos: 0
|  |  |  |  |  |  |  |--+Piezas totales: 0
|  |  |  |  |  |  |  |--+Conjuntos: 0
|  |  |  |  |  |  |  |--+Cuerpos sólidos: 0
|  |  |  |  |  |  |  |--+Cuerpos de hoja: 0
|  |  |  |  |  |  |  |--+Terminar conjunto: 9
|  |  |  |  |  |  |--+Piezas totales: 3
|  |  |  |  |  |  |--+Conjuntos: 1
|  |  |  |  |  |  |--+Cuerpos sólidos: 2
|  |  |  |  |  |  |--+Cuerpos de hoja: 0
|  |  |  |  |  |  |--+Terminar conjunto: 8
|  |  |  |  |  |--+Piezas totales: 5
|  |  |  |  |  |--+Conjuntos: 1
|  |  |  |  |  |--+Cuerpos sólidos: 2
|  |  |  |  |  |--+Cuerpos de hoja: 2
|  |  |  |  |  |--+Terminar conjunto: 7
|  |  |  |  |--+Piezas totales: 31
|  |  |  |  |--+Conjuntos: 1
|  |  |  |  |--+Cuerpos sólidos: 0
|  |  |  |  |--+Cuerpos de hoja: 30
|  |  |  |  |--+Terminar conjunto: 6
|  |  |  |--+Piezas totales: 591
|  |  |  |--+Conjuntos: 1
|  |  |  |--+Cuerpos sólidos: 6
|  |  |  |--+Cuerpos de hoja: 584
|  |  |  |--+Terminar conjunto: 5
|  |  |--+Piezas totales: 79
|  |  |--+Conjuntos: 1
|  |  |--+Cuerpos sólidos: 78
|  |  |--+Cuerpos de hoja: 0
|  |  |--+Terminar conjunto: 4
|  |--+Piezas totales: 713
|  |--+Conjuntos: 1
|  |--+Cuerpos sólidos: 0
|  |--+Cuerpos de hoja: 712
|  |--+Terminar conjunto: 3
|  |--+Empezar conjunto: 3
|  |--+Creado archivo de conjunto SE C:\Users\admin\Documents\GitHub\08_RoboticaI_Final\Graficos, Videos y STLs\FANUC 10iD\Robot World.asm
Cuerpos: 0
|  |  |--+Creado archivo de pieza SE C:\Users\admin\Documents\GitHub\08_RoboticaI_Final\Graficos, Videos y STLs\FANUC 10iD\GeoContainer_7.par
Cuerpos: 0
|  |--+Piezas totales: 0
|  |--+Conjuntos: 0
|  |--+Cuerpos sólidos: 0
|  |--+Cuerpos de hoja: 0
|  |--+Terminar conjunto: 3
|--+Piezas totales: 6
|--+Conjuntos: 2
|--+Cuerpos sólidos: 4
|--+Cuerpos de hoja: 0
|--+Terminar conjunto: 2
+Piezas totales: 1
+Conjuntos: 1
+Cuerpos sólidos: 0
+Cuerpos de hoja: 0
+Terminar conjunto: 1
Proceso de conversión completado
Tiempo total requerido para convertir y posprocesar:00 : 00 : 15
