STL translation to Solid Edge
Fecha: martes,junio 16,2026 12:47a. m.
Archivo fuente:C:\Users\admin\Documents\GitHub\08_RoboticaI_Final\Graficos, Videos y STLs\FANUC 10iD\Base.stl
Autor: Desconocido
Organización: Desconocido
Sistema fuente: DEX

Hardware:
Procesador: AMD Ryzen 5 5600G with Radeon Graphics         
Sistema operativo: Windows 10 Professional
Memoria instalada: 27,89 GB

Información sobre el software:
Versión de Parasolid: 38.0.150
Versión de PSBodyShop: 38.0.111
Versión del adaptador STL: 1700.0.0
Versión de Solid Edge: 226.00.01.004 x64

STL Import Options
Reparar fallos en la malla: Desactivado
Crear operación base: Activado
Habilitar registro de anotaciones: Activado

Avance en la conversión:
Se completó el proceso de conversión
Tiempo necesario para convertir:00 : 00 : 00
