Conversión de Solid Edge a STEP
Fecha: Tuesday,June 16,2026 12:45AM
Archivo de salida: C:\Users\admin\Documents\GitHub\08_RoboticaI_Final\Graficos, Videos y STLs\FANUC 10iD\link5.stp
Autor: Unknown
Organización: Unknown
Sistema de origen: Solid Edge

Equipo:
Procesador: AMD Ryzen 5 5600G with Radeon Graphics         
Sistema operativo: Windows 10 Professional Version:22H2 Build:19045 System Type:64-bit
Memoria instalada: 27.89 GB

Información del programa
Versión de Parasolid: 38.0.150
Versión de PSBodyShop: 38.0.111
Versión del adaptador Step: 1700.0.0
Versión de Solid Edge: 226.00.01.004 x64

Opciones de exportación de STEP
Formato de exportación: AP214
Exportar superficies de construcción: Desactivado
Exportar sólidos de construcción: Desactivado
Exportar curvas de construcción: Desactivado
Exportar solo piezas mostradas: Desactivado
Exportar unidades: Millimeters
Exportar nombres de componentes de pieza como Unicode: Desactivado
Exportar PMI: Desactivado

Fase 1 de 1 Convirtiendo Parasolid a tipos de datos externos...
Proceso de conversión completado
Tiempo requerido para convertir:00 : 00 : 00
